Determining if the pthread_create exist failed with the following output:
Change Dir: /home/alberto/Documentos/git_ATC/ATCSim/build/googletest-prefix/src/googletest-build/CMakeFiles/CMakeTmp

Run Build Command:"/usr/bin/make" "cmTC_b064a/fast"
make[3]: se entra en el directorio '/home/alberto/Documentos/git_ATC/ATCSim/build/googletest-prefix/src/googletest-build/CMakeFiles/CMakeTmp'
/usr/bin/make -f CMakeFiles/cmTC_b064a.dir/build.make CMakeFiles/cmTC_b064a.dir/build
make[4]: se entra en el directorio '/home/alberto/Documentos/git_ATC/ATCSim/build/googletest-prefix/src/googletest-build/CMakeFiles/CMakeTmp'
Building C object CMakeFiles/cmTC_b064a.dir/CheckSymbolExists.c.o
/usr/bin/cc    -o CMakeFiles/cmTC_b064a.dir/CheckSymbolExists.c.o   -c /home/alberto/Documentos/git_ATC/ATCSim/build/googletest-prefix/src/googletest-build/CMakeFiles/CMakeTmp/CheckSymbolExists.c
Linking C executable cmTC_b064a
/usr/bin/cmake -E cmake_link_script CMakeFiles/cmTC_b064a.dir/link.txt --verbose=1
/usr/bin/cc      -rdynamic CMakeFiles/cmTC_b064a.dir/CheckSymbolExists.c.o  -o cmTC_b064a 
CMakeFiles/cmTC_b064a.dir/CheckSymbolExists.c.o: En la funci√≥n `main':
CheckSymbolExists.c:(.text+0x1b): referencia a `pthread_create' sin definir
collect2: error: ld returned 1 exit status
CMakeFiles/cmTC_b064a.dir/build.make:97: recipe for target 'cmTC_b064a' failed
make[4]: *** [cmTC_b064a] Error 1
make[4]: se sale del directorio '/home/alberto/Documentos/git_ATC/ATCSim/build/googletest-prefix/src/googletest-build/CMakeFiles/CMakeTmp'
Makefile:126: recipe for target 'cmTC_b064a/fast' failed
make[3]: *** [cmTC_b064a/fast] Error 2
make[3]: se sale del directorio '/home/alberto/Documentos/git_ATC/ATCSim/build/googletest-prefix/src/googletest-build/CMakeFiles/CMakeTmp'

File /home/alberto/Documentos/git_ATC/ATCSim/build/googletest-prefix/src/googletest-build/CMakeFiles/CMakeTmp/CheckSymbolExists.c:
/* */
#include <pthread.h>

int main(int argc, char** argv)
{
  (void)argv;
#ifndef pthread_create
  return ((int*)(&pthread_create))[argc];
#else
  (void)argc;
  return 0;
#endif
}

Determining if the function pthread_create exists in the pthreads failed with the following output:
Change Dir: /home/alberto/Documentos/git_ATC/ATCSim/build/googletest-prefix/src/googletest-build/CMakeFiles/CMakeTmp

Run Build Command:"/usr/bin/make" "cmTC_6e2af/fast"
make[3]: se entra en el directorio '/home/alberto/Documentos/git_ATC/ATCSim/build/googletest-prefix/src/googletest-build/CMakeFiles/CMakeTmp'
/usr/bin/make -f CMakeFiles/cmTC_6e2af.dir/build.make CMakeFiles/cmTC_6e2af.dir/build
make[4]: se entra en el directorio '/home/alberto/Documentos/git_ATC/ATCSim/build/googletest-prefix/src/googletest-build/CMakeFiles/CMakeTmp'
Building C object CMakeFiles/cmTC_6e2af.dir/CheckFunctionExists.c.o
/usr/bin/cc   -DCHECK_FUNCTION_EXISTS=pthread_create   -o CMakeFiles/cmTC_6e2af.dir/CheckFunctionExists.c.o   -c /usr/share/cmake-3.10/Modules/CheckFunctionExists.c
Linking C executable cmTC_6e2af
/usr/bin/cmake -E cmake_link_script CMakeFiles/cmTC_6e2af.dir/link.txt --verbose=1
/usr/bin/cc  -DCHECK_FUNCTION_EXISTS=pthread_create    -rdynamic CMakeFiles/cmTC_6e2af.dir/CheckFunctionExists.c.o  -o cmTC_6e2af -lpthreads 
/usr/bin/ld: no se puede encontrar -lpthreads
collect2: error: ld returned 1 exit status
CMakeFiles/cmTC_6e2af.dir/build.make:97: recipe for target 'cmTC_6e2af' failed
make[4]: *** [cmTC_6e2af] Error 1
make[4]: se sale del directorio '/home/alberto/Documentos/git_ATC/ATCSim/build/googletest-prefix/src/googletest-build/CMakeFiles/CMakeTmp'
Makefile:126: recipe for target 'cmTC_6e2af/fast' failed
make[3]: *** [cmTC_6e2af/fast] Error 2
make[3]: se sale del directorio '/home/alberto/Documentos/git_ATC/ATCSim/build/googletest-prefix/src/googletest-build/CMakeFiles/CMakeTmp'


